20/09/2014 12:17:58.513 - GameLog] - [FINE] - A new game is starting
20/09/2014 12:17:59.123 - ResponseLog] - [FINE] - human responded with move SAME_DIRECTION for turn 1
20/09/2014 12:17:59.123 - ResponseLog] - [FINE] - 0 (3, 10) wants to move RIGHT
20/09/2014 12:17:59.124 - ResponseLog] - [FINE] - tronplayer responded with move MOVE_UP for turn 1
20/09/2014 12:17:59.124 - ResponseLog] - [FINE] - 1 (17, 10) wants to move UP
20/09/2014 12:17:59.229 - ResponseLog] - [FINE] - human responded with move SAME_DIRECTION for turn 2
20/09/2014 12:17:59.230 - ResponseLog] - [FINE] - 0 (4, 10) wants to move RIGHT
20/09/2014 12:17:59.230 - ResponseLog] - [FINE] - tronplayer responded with move MOVE_RIGHT for turn 2
20/09/2014 12:17:59.231 - ResponseLog] - [FINE] - 1 (17, 9) wants to move RIGHT
20/09/2014 12:17:59.334 - ResponseLog] - [FINE] - human responded with move SAME_DIRECTION for turn 3
20/09/2014 12:17:59.334 - ResponseLog] - [FINE] - 0 (5, 10) wants to move RIGHT
20/09/2014 12:17:59.334 - ResponseLog] - [FINE] - tronplayer responded with move MOVE_LEFT for turn 3
20/09/2014 12:17:59.335 - ResponseLog] - [FINE] - 1 (18, 9) wants to move RIGHT
20/09/2014 12:17:59.438 - ResponseLog] - [FINE] - human responded with move SAME_DIRECTION for turn 4
20/09/2014 12:17:59.438 - ResponseLog] - [FINE] - 0 (6, 10) wants to move RIGHT
20/09/2014 12:17:59.438 - ResponseLog] - [FINE] - tronplayer responded with move MOVE_LEFT for turn 4
20/09/2014 12:17:59.438 - ResponseLog] - [FINE] - 1 (19, 9) wants to move RIGHT
20/09/2014 12:17:59.542 - ResponseLog] - [FINE] - human responded with move SAME_DIRECTION for turn 5
20/09/2014 12:17:59.542 - ResponseLog] - [FINE] - 0 (7, 10) wants to move RIGHT
20/09/2014 12:17:59.542 - ResponseLog] - [FINE] - tronplayer responded with move MOVE_RIGHT for turn 5
20/09/2014 12:17:59.543 - ResponseLog] - [FINE] - 1 (20, 9) wants to move RIGHT
20/09/2014 12:17:59.646 - ResponseLog] - [FINE] - human responded with move SAME_DIRECTION for turn 6
20/09/2014 12:17:59.646 - ResponseLog] - [FINE] - 0 (8, 10) wants to move RIGHT
20/09/2014 12:17:59.647 - ResponseLog] - [FINE] - tronplayer responded with move MOVE_UP for turn 6
20/09/2014 12:17:59.647 - ResponseLog] - [FINE] - 1 (20, 9) wants to move UP
20/09/2014 12:17:59.770 - ResponseLog] - [FINE] - human responded with move SAME_DIRECTION for turn 7
20/09/2014 12:17:59.771 - ResponseLog] - [FINE] - 0 (9, 10) wants to move RIGHT
20/09/2014 12:17:59.772 - ResponseLog] - [FINE] - tronplayer responded with move MOVE_RIGHT for turn 7
20/09/2014 12:17:59.772 - ResponseLog] - [FINE] - 1 (20, 9) wants to move RIGHT
20/09/2014 12:17:59.876 - ResponseLog] - [FINE] - human responded with move SAME_DIRECTION for turn 8
20/09/2014 12:17:59.876 - ResponseLog] - [FINE] - 0 (10, 10) wants to move RIGHT
20/09/2014 12:17:59.877 - ResponseLog] - [FINE] - tronplayer responded with move MOVE_DOWN for turn 8
20/09/2014 12:17:59.877 - ResponseLog] - [FINE] - 1 (20, 9) wants to move DOWN
20/09/2014 12:17:59.981 - ResponseLog] - [FINE] - human responded with move SAME_DIRECTION for turn 9
20/09/2014 12:17:59.982 - ResponseLog] - [FINE] - 0 (11, 10) wants to move RIGHT
20/09/2014 12:17:59.982 - ResponseLog] - [FINE] - tronplayer responded with move MOVE_LEFT for turn 9
20/09/2014 12:17:59.983 - ResponseLog] - [FINE] - 1 (20, 9) wants to move RIGHT
20/09/2014 12:18:00.088 - ResponseLog] - [FINE] - human responded with move SAME_DIRECTION for turn 10
20/09/2014 12:18:00.089 - ResponseLog] - [FINE] - 0 (12, 10) wants to move RIGHT
20/09/2014 12:18:00.089 - ResponseLog] - [FINE] - tronplayer responded with move MOVE_RIGHT for turn 10
20/09/2014 12:18:00.090 - ResponseLog] - [FINE] - 1 (20, 9) wants to move RIGHT
20/09/2014 12:18:00.199 - ResponseLog] - [FINE] - human responded with move SAME_DIRECTION for turn 11
20/09/2014 12:18:00.199 - ResponseLog] - [FINE] - 0 (13, 10) wants to move RIGHT
20/09/2014 12:18:00.200 - ResponseLog] - [FINE] - tronplayer responded with move MOVE_DOWN for turn 11
20/09/2014 12:18:00.200 - ResponseLog] - [FINE] - 1 (20, 9) wants to move DOWN
20/09/2014 12:18:00.307 - ResponseLog] - [FINE] - human responded with move SAME_DIRECTION for turn 12
20/09/2014 12:18:00.307 - ResponseLog] - [FINE] - 0 (14, 10) wants to move RIGHT
20/09/2014 12:18:00.308 - ResponseLog] - [FINE] - tronplayer responded with move MOVE_LEFT for turn 12
20/09/2014 12:18:00.308 - ResponseLog] - [FINE] - 1 (20, 9) wants to move RIGHT
20/09/2014 12:18:00.412 - ResponseLog] - [FINE] - human responded with move SAME_DIRECTION for turn 13
20/09/2014 12:18:00.412 - ResponseLog] - [FINE] - 0 (15, 10) wants to move RIGHT
20/09/2014 12:18:00.412 - ResponseLog] - [FINE] - tronplayer responded with move MOVE_RIGHT for turn 13
20/09/2014 12:18:00.413 - ResponseLog] - [FINE] - 1 (20, 9) wants to move RIGHT
20/09/2014 12:18:00.517 - ResponseLog] - [FINE] - human responded with move SAME_DIRECTION for turn 14
20/09/2014 12:18:00.518 - ResponseLog] - [FINE] - 0 (16, 10) wants to move RIGHT
20/09/2014 12:18:00.518 - ResponseLog] - [FINE] - tronplayer responded with move MOVE_DOWN for turn 14
20/09/2014 12:18:00.519 - ResponseLog] - [FINE] - 1 (20, 9) wants to move DOWN
20/09/2014 12:18:00.625 - GameLog] - [FINE] - Player tronplayer left
20/09/2014 12:18:44.582 - GameLog] - [FINE] - A new game is starting
20/09/2014 12:18:45.490 - ResponseLog] - [FINE] - human responded with move SAME_DIRECTION for turn 1
20/09/2014 12:18:45.491 - ResponseLog] - [FINE] - 0 (3, 10) wants to move RIGHT
20/09/2014 12:18:45.494 - ResponseLog] - [FINE] - tronplayer responded with move MOVE_RIGHT for turn 1
20/09/2014 12:18:45.630 - ResponseLog] - [FINE] - human responded with move SAME_DIRECTION for turn 2
20/09/2014 12:18:45.630 - ResponseLog] - [FINE] - 0 (4, 10) wants to move RIGHT
20/09/2014 12:18:45.631 - ResponseLog] - [FINE] - tronplayer responded with move MOVE_UP for turn 2
20/09/2014 12:18:45.631 - ResponseLog] - [FINE] - 1 (16, 10) wants to move UP
20/09/2014 12:18:45.736 - ResponseLog] - [FINE] - human responded with move SAME_DIRECTION for turn 3
20/09/2014 12:18:45.737 - ResponseLog] - [FINE] - 0 (5, 10) wants to move RIGHT
20/09/2014 12:18:45.737 - ResponseLog] - [FINE] - tronplayer responded with move MOVE_LEFT for turn 3
20/09/2014 12:18:45.738 - ResponseLog] - [FINE] - 1 (16, 9) wants to move LEFT
20/09/2014 12:18:45.841 - ResponseLog] - [FINE] - human responded with move SAME_DIRECTION for turn 4
20/09/2014 12:18:45.842 - ResponseLog] - [FINE] - 0 (6, 10) wants to move RIGHT
20/09/2014 12:18:45.842 - ResponseLog] - [FINE] - tronplayer responded with move MOVE_UP for turn 4
20/09/2014 12:18:45.843 - ResponseLog] - [FINE] - 1 (15, 9) wants to move UP
20/09/2014 12:18:45.949 - ResponseLog] - [FINE] - human responded with move SAME_DIRECTION for turn 5
20/09/2014 12:18:45.949 - ResponseLog] - [FINE] - 0 (7, 10) wants to move RIGHT
20/09/2014 12:18:45.949 - ResponseLog] - [FINE] - tronplayer responded with move MOVE_RIGHT for turn 5
20/09/2014 12:18:45.950 - ResponseLog] - [FINE] - 1 (15, 8) wants to move RIGHT
20/09/2014 12:18:46.055 - ResponseLog] - [FINE] - human responded with move SAME_DIRECTION for turn 6
20/09/2014 12:18:46.056 - ResponseLog] - [FINE] - 0 (8, 10) wants to move RIGHT
20/09/2014 12:18:46.056 - ResponseLog] - [FINE] - tronplayer responded with move MOVE_RIGHT for turn 6
20/09/2014 12:18:46.057 - ResponseLog] - [FINE] - 1 (16, 8) wants to move RIGHT
20/09/2014 12:18:46.162 - ResponseLog] - [FINE] - human responded with move SAME_DIRECTION for turn 7
20/09/2014 12:18:46.163 - ResponseLog] - [FINE] - 0 (9, 10) wants to move RIGHT
20/09/2014 12:18:46.163 - ResponseLog] - [FINE] - tronplayer responded with move MOVE_UP for turn 7
20/09/2014 12:18:46.164 - ResponseLog] - [FINE] - 1 (17, 8) wants to move UP
20/09/2014 12:18:46.268 - ResponseLog] - [FINE] - human responded with move SAME_DIRECTION for turn 8
20/09/2014 12:18:46.268 - ResponseLog] - [FINE] - 0 (10, 10) wants to move RIGHT
20/09/2014 12:18:46.269 - ResponseLog] - [FINE] - tronplayer responded with move MOVE_RIGHT for turn 8
20/09/2014 12:18:46.269 - ResponseLog] - [FINE] - 1 (17, 7) wants to move RIGHT
20/09/2014 12:18:46.379 - ResponseLog] - [FINE] - human responded with move SAME_DIRECTION for turn 9
20/09/2014 12:18:46.379 - ResponseLog] - [FINE] - 0 (11, 10) wants to move RIGHT
20/09/2014 12:18:46.380 - ResponseLog] - [FINE] - tronplayer responded with move MOVE_DOWN for turn 9
20/09/2014 12:18:46.380 - ResponseLog] - [FINE] - 1 (18, 7) wants to move DOWN
20/09/2014 12:18:46.484 - ResponseLog] - [FINE] - human responded with move SAME_DIRECTION for turn 10
20/09/2014 12:18:46.485 - ResponseLog] - [FINE] - 0 (12, 10) wants to move RIGHT
20/09/2014 12:18:46.485 - ResponseLog] - [FINE] - tronplayer responded with move MOVE_DOWN for turn 10
20/09/2014 12:18:46.486 - ResponseLog] - [FINE] - 1 (18, 8) wants to move DOWN
20/09/2014 12:18:46.589 - ResponseLog] - [FINE] - human responded with move SAME_DIRECTION for turn 11
20/09/2014 12:18:46.590 - ResponseLog] - [FINE] - 0 (13, 10) wants to move RIGHT
20/09/2014 12:18:46.591 - ResponseLog] - [FINE] - tronplayer responded with move MOVE_RIGHT for turn 11
20/09/2014 12:18:46.591 - ResponseLog] - [FINE] - 1 (18, 9) wants to move RIGHT
20/09/2014 12:18:46.696 - ResponseLog] - [FINE] - human responded with move SAME_DIRECTION for turn 12
20/09/2014 12:18:46.696 - ResponseLog] - [FINE] - 0 (14, 10) wants to move RIGHT
20/09/2014 12:18:46.696 - ResponseLog] - [FINE] - tronplayer responded with move MOVE_RIGHT for turn 12
20/09/2014 12:18:46.696 - ResponseLog] - [FINE] - 1 (19, 9) wants to move RIGHT
20/09/2014 12:18:46.800 - ResponseLog] - [FINE] - human responded with move SAME_DIRECTION for turn 13
20/09/2014 12:18:46.800 - ResponseLog] - [FINE] - 0 (15, 10) wants to move RIGHT
20/09/2014 12:18:46.800 - ResponseLog] - [FINE] - tronplayer responded with move MOVE_DOWN for turn 13
20/09/2014 12:18:46.801 - ResponseLog] - [FINE] - 1 (20, 9) wants to move DOWN
20/09/2014 12:18:46.905 - GameLog] - [FINE] - Player tronplayer left
20/09/2014 12:18:58.137 - GameLog] - [FINE] - A new game is starting
20/09/2014 12:18:58.558 - ResponseLog] - [FINE] - human responded with move SAME_DIRECTION for turn 1
20/09/2014 12:18:58.559 - ResponseLog] - [FINE] - 0 (3, 10) wants to move RIGHT
20/09/2014 12:18:58.559 - ResponseLog] - [FINE] - tronplayer responded with move MOVE_LEFT for turn 1
20/09/2014 12:18:58.560 - ResponseLog] - [FINE] - 1 (17, 10) wants to move LEFT
20/09/2014 12:18:58.666 - ResponseLog] - [FINE] - human responded with move SAME_DIRECTION for turn 2
20/09/2014 12:18:58.666 - ResponseLog] - [FINE] - 0 (4, 10) wants to move RIGHT
20/09/2014 12:18:58.667 - ResponseLog] - [FINE] - tronplayer responded with move MOVE_LEFT for turn 2
20/09/2014 12:18:58.667 - ResponseLog] - [FINE] - 1 (16, 10) wants to move LEFT
20/09/2014 12:18:58.770 - ResponseLog] - [FINE] - human responded with move SAME_DIRECTION for turn 3
20/09/2014 12:18:58.771 - ResponseLog] - [FINE] - 0 (5, 10) wants to move RIGHT
20/09/2014 12:18:58.771 - ResponseLog] - [FINE] - tronplayer responded with move MOVE_DOWN for turn 3
20/09/2014 12:18:58.771 - ResponseLog] - [FINE] - 1 (15, 10) wants to move DOWN
20/09/2014 12:18:58.874 - ResponseLog] - [FINE] - human responded with move SAME_DIRECTION for turn 4
20/09/2014 12:18:58.874 - ResponseLog] - [FINE] - 0 (6, 10) wants to move RIGHT
20/09/2014 12:18:58.875 - ResponseLog] - [FINE] - tronplayer responded with move MOVE_LEFT for turn 4
20/09/2014 12:18:58.875 - ResponseLog] - [FINE] - 1 (15, 11) wants to move LEFT
20/09/2014 12:18:58.981 - ResponseLog] - [FINE] - human responded with move SAME_DIRECTION for turn 5
20/09/2014 12:18:58.981 - ResponseLog] - [FINE] - 0 (7, 10) wants to move RIGHT
20/09/2014 12:18:58.981 - ResponseLog] - [FINE] - tronplayer responded with move MOVE_UP for turn 5
20/09/2014 12:18:58.982 - ResponseLog] - [FINE] - 1 (14, 11) wants to move UP
20/09/2014 12:18:59.130 - ResponseLog] - [FINE] - human responded with move SAME_DIRECTION for turn 6
20/09/2014 12:18:59.130 - ResponseLog] - [FINE] - 0 (8, 10) wants to move RIGHT
20/09/2014 12:18:59.131 - ResponseLog] - [FINE] - tronplayer responded with move MOVE_RIGHT for turn 6
20/09/2014 12:18:59.131 - ResponseLog] - [FINE] - 1 (14, 10) wants to move RIGHT
20/09/2014 12:18:59.235 - ResponseLog] - [FINE] - human responded with move SAME_DIRECTION for turn 7
20/09/2014 12:18:59.235 - ResponseLog] - [FINE] - 0 (9, 10) wants to move RIGHT
20/09/2014 12:18:59.235 - ResponseLog] - [FINE] - tronplayer responded with move MOVE_DOWN for turn 7
20/09/2014 12:18:59.236 - ResponseLog] - [FINE] - 1 (15, 10) wants to move DOWN
20/09/2014 12:18:59.342 - ResponseLog] - [FINE] - human responded with move MOVE_UP for turn 8
20/09/2014 12:18:59.343 - ResponseLog] - [FINE] - 0 (10, 10) wants to move UP
20/09/2014 12:18:59.343 - ResponseLog] - [FINE] - tronplayer responded with move MOVE_LEFT for turn 8
20/09/2014 12:18:59.344 - ResponseLog] - [FINE] - 1 (15, 10) wants to move RIGHT
20/09/2014 12:18:59.448 - ResponseLog] - [FINE] - human responded with move SAME_DIRECTION for turn 9
20/09/2014 12:18:59.448 - ResponseLog] - [FINE] - 0 (10, 9) wants to move UP
20/09/2014 12:18:59.449 - ResponseLog] - [FINE] - tronplayer responded with move MOVE_UP for turn 9
20/09/2014 12:18:59.449 - ResponseLog] - [FINE] - 1 (15, 10) wants to move UP
20/09/2014 12:18:59.560 - ResponseLog] - [FINE] - human responded with move MOVE_LEFT for turn 10
20/09/2014 12:18:59.561 - ResponseLog] - [FINE] - 0 (10, 8) wants to move LEFT
20/09/2014 12:18:59.561 - ResponseLog] - [FINE] - tronplayer responded with move MOVE_RIGHT for turn 10
20/09/2014 12:18:59.562 - ResponseLog] - [FINE] - 1 (15, 10) wants to move RIGHT
20/09/2014 12:18:59.666 - ResponseLog] - [FINE] - human responded with move SAME_DIRECTION for turn 11
20/09/2014 12:18:59.666 - ResponseLog] - [FINE] - 0 (9, 8) wants to move LEFT
20/09/2014 12:18:59.666 - ResponseLog] - [FINE] - tronplayer responded with move MOVE_UP for turn 11
20/09/2014 12:18:59.667 - ResponseLog] - [FINE] - 1 (15, 10) wants to move UP
20/09/2014 12:18:59.773 - ResponseLog] - [FINE] - human responded with move SAME_DIRECTION for turn 12
20/09/2014 12:18:59.773 - ResponseLog] - [FINE] - 0 (8, 8) wants to move LEFT
20/09/2014 12:18:59.774 - ResponseLog] - [FINE] - tronplayer responded with move MOVE_DOWN for turn 12
20/09/2014 12:18:59.774 - ResponseLog] - [FINE] - 1 (15, 10) wants to move DOWN
20/09/2014 12:18:59.878 - ResponseLog] - [FINE] - human responded with move SAME_DIRECTION for turn 13
20/09/2014 12:18:59.878 - ResponseLog] - [FINE] - 0 (7, 8) wants to move LEFT
20/09/2014 12:18:59.878 - ResponseLog] - [FINE] - tronplayer responded with move MOVE_LEFT for turn 13
20/09/2014 12:18:59.879 - ResponseLog] - [FINE] - 1 (15, 10) wants to move RIGHT
20/09/2014 12:18:59.989 - ResponseLog] - [FINE] - human responded with move SAME_DIRECTION for turn 14
20/09/2014 12:18:59.990 - ResponseLog] - [FINE] - 0 (6, 8) wants to move LEFT
20/09/2014 12:18:59.991 - ResponseLog] - [FINE] - tronplayer responded with move MOVE_DOWN for turn 14
20/09/2014 12:18:59.991 - ResponseLog] - [FINE] - 1 (15, 10) wants to move DOWN
20/09/2014 12:19:00.094 - ResponseLog] - [FINE] - human responded with move MOVE_UP for turn 15
20/09/2014 12:19:00.095 - ResponseLog] - [FINE] - 0 (5, 8) wants to move UP
20/09/2014 12:19:00.095 - ResponseLog] - [FINE] - tronplayer responded with move MOVE_RIGHT for turn 15
20/09/2014 12:19:00.095 - ResponseLog] - [FINE] - 1 (15, 10) wants to move RIGHT
20/09/2014 12:19:00.199 - ResponseLog] - [FINE] - human responded with move SAME_DIRECTION for turn 16
20/09/2014 12:19:00.199 - ResponseLog] - [FINE] - 0 (5, 7) wants to move UP
20/09/2014 12:19:00.200 - ResponseLog] - [FINE] - tronplayer responded with move MOVE_RIGHT for turn 16
20/09/2014 12:19:00.200 - ResponseLog] - [FINE] - 1 (15, 10) wants to move RIGHT
20/09/2014 12:19:00.305 - ResponseLog] - [FINE] - human responded with move MOVE_RIGHT for turn 17
20/09/2014 12:19:00.305 - ResponseLog] - [FINE] - 0 (5, 6) wants to move RIGHT
20/09/2014 12:19:00.305 - ResponseLog] - [FINE] - tronplayer responded with move MOVE_UP for turn 17
20/09/2014 12:19:00.305 - ResponseLog] - [FINE] - 1 (15, 10) wants to move UP
20/09/2014 12:19:00.410 - ResponseLog] - [FINE] - human responded with move SAME_DIRECTION for turn 18
20/09/2014 12:19:00.410 - ResponseLog] - [FINE] - 0 (6, 6) wants to move RIGHT
20/09/2014 12:19:00.411 - ResponseLog] - [FINE] - tronplayer responded with move MOVE_LEFT for turn 18
20/09/2014 12:19:00.411 - ResponseLog] - [FINE] - 1 (15, 10) wants to move RIGHT
20/09/2014 12:19:00.514 - ResponseLog] - [FINE] - human responded with move SAME_DIRECTION for turn 19
20/09/2014 12:19:00.515 - ResponseLog] - [FINE] - 0 (7, 6) wants to move RIGHT
20/09/2014 12:19:00.515 - ResponseLog] - [FINE] - tronplayer responded with move MOVE_RIGHT for turn 19
20/09/2014 12:19:00.516 - ResponseLog] - [FINE] - 1 (15, 10) wants to move RIGHT
20/09/2014 12:19:00.619 - ResponseLog] - [FINE] - human responded with move SAME_DIRECTION for turn 20
20/09/2014 12:19:00.619 - ResponseLog] - [FINE] - 0 (8, 6) wants to move RIGHT
20/09/2014 12:19:00.620 - ResponseLog] - [FINE] - tronplayer responded with move MOVE_UP for turn 20
20/09/2014 12:19:00.620 - ResponseLog] - [FINE] - 1 (15, 10) wants to move UP
20/09/2014 12:19:00.723 - ResponseLog] - [FINE] - human responded with move SAME_DIRECTION for turn 21
20/09/2014 12:19:00.724 - ResponseLog] - [FINE] - 0 (9, 6) wants to move RIGHT
20/09/2014 12:19:00.724 - ResponseLog] - [FINE] - tronplayer responded with move MOVE_UP for turn 21
20/09/2014 12:19:00.725 - ResponseLog] - [FINE] - 1 (15, 10) wants to move UP
20/09/2014 12:19:00.828 - ResponseLog] - [FINE] - human responded with move SAME_DIRECTION for turn 22
20/09/2014 12:19:00.829 - ResponseLog] - [FINE] - 0 (10, 6) wants to move RIGHT
20/09/2014 12:19:00.830 - ResponseLog] - [FINE] - tronplayer responded with move MOVE_DOWN for turn 22
20/09/2014 12:19:00.830 - ResponseLog] - [FINE] - 1 (15, 10) wants to move DOWN
20/09/2014 12:19:00.933 - ResponseLog] - [FINE] - human responded with move MOVE_DOWN for turn 23
20/09/2014 12:19:00.933 - ResponseLog] - [FINE] - 0 (11, 6) wants to move DOWN
20/09/2014 12:19:00.934 - ResponseLog] - [FINE] - tronplayer responded with move MOVE_UP for turn 23
20/09/2014 12:19:00.934 - ResponseLog] - [FINE] - 1 (15, 10) wants to move UP
20/09/2014 12:19:01.037 - ResponseLog] - [FINE] - human responded with move SAME_DIRECTION for turn 24
20/09/2014 12:19:01.037 - ResponseLog] - [FINE] - 0 (11, 7) wants to move DOWN
20/09/2014 12:19:01.038 - ResponseLog] - [FINE] - tronplayer responded with move MOVE_DOWN for turn 24
20/09/2014 12:19:01.038 - ResponseLog] - [FINE] - 1 (15, 10) wants to move DOWN
20/09/2014 12:19:01.142 - ResponseLog] - [FINE] - human responded with move SAME_DIRECTION for turn 25
20/09/2014 12:19:01.142 - ResponseLog] - [FINE] - 0 (11, 8) wants to move DOWN
20/09/2014 12:19:01.143 - ResponseLog] - [FINE] - tronplayer responded with move MOVE_DOWN for turn 25
20/09/2014 12:19:01.143 - ResponseLog] - [FINE] - 1 (15, 10) wants to move DOWN
20/09/2014 12:19:01.247 - ResponseLog] - [FINE] - human responded with move SAME_DIRECTION for turn 26
20/09/2014 12:19:01.247 - ResponseLog] - [FINE] - 0 (11, 9) wants to move DOWN
20/09/2014 12:19:01.248 - ResponseLog] - [FINE] - tronplayer responded with move MOVE_LEFT for turn 26
20/09/2014 12:19:01.248 - ResponseLog] - [FINE] - 1 (15, 10) wants to move RIGHT
20/09/2014 12:19:01.351 - ResponseLog] - [FINE] - human responded with move SAME_DIRECTION for turn 27
20/09/2014 12:19:01.352 - ResponseLog] - [FINE] - 0 (11, 10) wants to move DOWN
20/09/2014 12:19:01.352 - ResponseLog] - [FINE] - tronplayer responded with move MOVE_UP for turn 27
20/09/2014 12:19:01.353 - ResponseLog] - [FINE] - 1 (15, 10) wants to move UP
20/09/2014 12:19:01.457 - ResponseLog] - [FINE] - human responded with move SAME_DIRECTION for turn 28
20/09/2014 12:19:01.457 - ResponseLog] - [FINE] - 0 (11, 11) wants to move DOWN
20/09/2014 12:19:01.458 - ResponseLog] - [FINE] - tronplayer responded with move MOVE_UP for turn 28
20/09/2014 12:19:01.458 - ResponseLog] - [FINE] - 1 (15, 10) wants to move UP
20/09/2014 12:19:01.561 - ResponseLog] - [FINE] - human responded with move MOVE_LEFT for turn 29
20/09/2014 12:19:01.561 - ResponseLog] - [FINE] - 0 (11, 12) wants to move LEFT
20/09/2014 12:19:01.562 - ResponseLog] - [FINE] - tronplayer responded with move MOVE_RIGHT for turn 29
20/09/2014 12:19:01.562 - ResponseLog] - [FINE] - 1 (15, 10) wants to move RIGHT
20/09/2014 12:19:01.703 - ResponseLog] - [FINE] - human responded with move SAME_DIRECTION for turn 30
20/09/2014 12:19:01.704 - ResponseLog] - [FINE] - 0 (10, 12) wants to move LEFT
20/09/2014 12:19:01.704 - ResponseLog] - [FINE] - tronplayer responded with move MOVE_LEFT for turn 30
20/09/2014 12:19:01.704 - ResponseLog] - [FINE] - 1 (15, 10) wants to move RIGHT
20/09/2014 12:19:01.808 - ResponseLog] - [FINE] - human responded with move SAME_DIRECTION for turn 31
20/09/2014 12:19:01.809 - ResponseLog] - [FINE] - 0 (9, 12) wants to move LEFT
20/09/2014 12:19:01.810 - ResponseLog] - [FINE] - tronplayer responded with move MOVE_LEFT for turn 31
20/09/2014 12:19:01.810 - ResponseLog] - [FINE] - 1 (15, 10) wants to move RIGHT
20/09/2014 12:19:01.914 - ResponseLog] - [FINE] - human responded with move SAME_DIRECTION for turn 32
20/09/2014 12:19:01.914 - ResponseLog] - [FINE] - 0 (8, 12) wants to move LEFT
20/09/2014 12:19:01.914 - ResponseLog] - [FINE] - tronplayer responded with move MOVE_RIGHT for turn 32
20/09/2014 12:19:01.915 - ResponseLog] - [FINE] - 1 (15, 10) wants to move RIGHT
20/09/2014 12:19:02.018 - ResponseLog] - [FINE] - human responded with move SAME_DIRECTION for turn 33
20/09/2014 12:19:02.018 - ResponseLog] - [FINE] - 0 (7, 12) wants to move LEFT
20/09/2014 12:19:02.018 - ResponseLog] - [FINE] - tronplayer responded with move MOVE_LEFT for turn 33
20/09/2014 12:19:02.018 - ResponseLog] - [FINE] - 1 (15, 10) wants to move RIGHT
20/09/2014 12:19:02.122 - ResponseLog] - [FINE] - human responded with move MOVE_DOWN for turn 34
20/09/2014 12:19:02.123 - ResponseLog] - [FINE] - 0 (6, 12) wants to move DOWN
20/09/2014 12:19:02.123 - ResponseLog] - [FINE] - tronplayer responded with move MOVE_LEFT for turn 34
20/09/2014 12:19:02.123 - ResponseLog] - [FINE] - 1 (15, 10) wants to move RIGHT
20/09/2014 12:19:02.227 - ResponseLog] - [FINE] - human responded with move SAME_DIRECTION for turn 35
20/09/2014 12:19:02.227 - ResponseLog] - [FINE] - 0 (6, 13) wants to move DOWN
20/09/2014 12:19:02.227 - ResponseLog] - [FINE] - tronplayer responded with move MOVE_UP for turn 35
20/09/2014 12:19:02.227 - ResponseLog] - [FINE] - 1 (15, 10) wants to move UP
20/09/2014 12:19:02.331 - ResponseLog] - [FINE] - human responded with move SAME_DIRECTION for turn 36
20/09/2014 12:19:02.332 - ResponseLog] - [FINE] - 0 (6, 14) wants to move DOWN
20/09/2014 12:19:02.332 - ResponseLog] - [FINE] - tronplayer responded with move MOVE_DOWN for turn 36
20/09/2014 12:19:02.332 - ResponseLog] - [FINE] - 1 (15, 10) wants to move DOWN
20/09/2014 12:19:02.437 - ResponseLog] - [FINE] - human responded with move MOVE_RIGHT for turn 37
20/09/2014 12:19:02.437 - ResponseLog] - [FINE] - 0 (6, 15) wants to move RIGHT
20/09/2014 12:19:02.438 - ResponseLog] - [FINE] - tronplayer responded with move MOVE_UP for turn 37
20/09/2014 12:19:02.438 - ResponseLog] - [FINE] - 1 (15, 10) wants to move UP
20/09/2014 12:19:02.541 - ResponseLog] - [FINE] - human responded with move SAME_DIRECTION for turn 38
20/09/2014 12:19:02.541 - ResponseLog] - [FINE] - 0 (7, 15) wants to move RIGHT
20/09/2014 12:19:02.542 - ResponseLog] - [FINE] - tronplayer responded with move MOVE_LEFT for turn 38
20/09/2014 12:19:02.542 - ResponseLog] - [FINE] - 1 (15, 10) wants to move RIGHT
20/09/2014 12:19:02.646 - ResponseLog] - [FINE] - human responded with move SAME_DIRECTION for turn 39
20/09/2014 12:19:02.647 - ResponseLog] - [FINE] - 0 (8, 15) wants to move RIGHT
20/09/2014 12:19:02.647 - ResponseLog] - [FINE] - tronplayer responded with move MOVE_LEFT for turn 39
20/09/2014 12:19:02.647 - ResponseLog] - [FINE] - 1 (15, 10) wants to move RIGHT
20/09/2014 12:19:02.750 - ResponseLog] - [FINE] - human responded with move SAME_DIRECTION for turn 40
20/09/2014 12:19:02.751 - ResponseLog] - [FINE] - 0 (9, 15) wants to move RIGHT
20/09/2014 12:19:02.752 - ResponseLog] - [FINE] - tronplayer responded with move MOVE_DOWN for turn 40
20/09/2014 12:19:02.752 - ResponseLog] - [FINE] - 1 (15, 10) wants to move DOWN
20/09/2014 12:19:02.855 - ResponseLog] - [FINE] - human responded with move SAME_DIRECTION for turn 41
20/09/2014 12:19:02.855 - ResponseLog] - [FINE] - 0 (10, 15) wants to move RIGHT
20/09/2014 12:19:02.856 - ResponseLog] - [FINE] - tronplayer responded with move MOVE_RIGHT for turn 41
20/09/2014 12:19:02.856 - ResponseLog] - [FINE] - 1 (15, 10) wants to move RIGHT
20/09/2014 12:19:02.961 - ResponseLog] - [FINE] - human responded with move SAME_DIRECTION for turn 42
20/09/2014 12:19:02.962 - ResponseLog] - [FINE] - 0 (11, 15) wants to move RIGHT
20/09/2014 12:19:02.962 - ResponseLog] - [FINE] - tronplayer responded with move MOVE_DOWN for turn 42
20/09/2014 12:19:02.962 - ResponseLog] - [FINE] - 1 (15, 10) wants to move DOWN
20/09/2014 12:19:03.064 - ResponseLog] - [FINE] - human responded with move MOVE_UP for turn 43
20/09/2014 12:19:03.065 - ResponseLog] - [FINE] - 0 (12, 15) wants to move UP
20/09/2014 12:19:03.065 - ResponseLog] - [FINE] - tronplayer responded with move MOVE_RIGHT for turn 43
20/09/2014 12:19:03.066 - ResponseLog] - [FINE] - 1 (15, 10) wants to move RIGHT
20/09/2014 12:19:03.169 - ResponseLog] - [FINE] - human responded with move SAME_DIRECTION for turn 44
20/09/2014 12:19:03.170 - ResponseLog] - [FINE] - 0 (12, 14) wants to move UP
20/09/2014 12:19:03.171 - ResponseLog] - [FINE] - tronplayer responded with move MOVE_RIGHT for turn 44
20/09/2014 12:19:03.171 - ResponseLog] - [FINE] - 1 (15, 10) wants to move RIGHT
20/09/2014 12:19:03.276 - ResponseLog] - [FINE] - human responded with move SAME_DIRECTION for turn 45
20/09/2014 12:19:03.276 - ResponseLog] - [FINE] - 0 (12, 13) wants to move UP
20/09/2014 12:19:03.277 - ResponseLog] - [FINE] - tronplayer responded with move MOVE_RIGHT for turn 45
20/09/2014 12:19:03.277 - ResponseLog] - [FINE] - 1 (15, 10) wants to move RIGHT
20/09/2014 12:19:03.379 - ResponseLog] - [FINE] - human responded with move SAME_DIRECTION for turn 46
20/09/2014 12:19:03.379 - ResponseLog] - [FINE] - 0 (12, 12) wants to move UP
20/09/2014 12:19:03.380 - ResponseLog] - [FINE] - tronplayer responded with move MOVE_DOWN for turn 46
20/09/2014 12:19:03.380 - ResponseLog] - [FINE] - 1 (15, 10) wants to move DOWN
20/09/2014 12:19:03.483 - ResponseLog] - [FINE] - human responded with move SAME_DIRECTION for turn 47
20/09/2014 12:19:03.484 - ResponseLog] - [FINE] - 0 (12, 11) wants to move UP
20/09/2014 12:19:03.484 - ResponseLog] - [FINE] - tronplayer responded with move MOVE_DOWN for turn 47
20/09/2014 12:19:03.484 - ResponseLog] - [FINE] - 1 (15, 10) wants to move DOWN
20/09/2014 12:19:03.587 - ResponseLog] - [FINE] - human responded with move SAME_DIRECTION for turn 48
20/09/2014 12:19:03.587 - ResponseLog] - [FINE] - 0 (12, 10) wants to move UP
20/09/2014 12:19:03.588 - ResponseLog] - [FINE] - tronplayer responded with move MOVE_RIGHT for turn 48
20/09/2014 12:19:03.588 - ResponseLog] - [FINE] - 1 (15, 10) wants to move RIGHT
20/09/2014 12:19:03.692 - ResponseLog] - [FINE] - human responded with move SAME_DIRECTION for turn 49
20/09/2014 12:19:03.693 - ResponseLog] - [FINE] - 0 (12, 9) wants to move UP
20/09/2014 12:19:03.693 - ResponseLog] - [FINE] - tronplayer responded with move MOVE_LEFT for turn 49
20/09/2014 12:19:03.693 - ResponseLog] - [FINE] - 1 (15, 10) wants to move RIGHT
20/09/2014 12:19:03.796 - ResponseLog] - [FINE] - human responded with move SAME_DIRECTION for turn 50
20/09/2014 12:19:03.796 - ResponseLog] - [FINE] - 0 (12, 8) wants to move UP
20/09/2014 12:19:03.796 - ResponseLog] - [FINE] - tronplayer responded with move MOVE_LEFT for turn 50
20/09/2014 12:19:03.797 - ResponseLog] - [FINE] - 1 (15, 10) wants to move RIGHT
20/09/2014 12:19:03.899 - ResponseLog] - [FINE] - human responded with move SAME_DIRECTION for turn 51
20/09/2014 12:19:03.900 - ResponseLog] - [FINE] - 0 (12, 7) wants to move UP
20/09/2014 12:19:03.900 - ResponseLog] - [FINE] - tronplayer responded with move MOVE_UP for turn 51
20/09/2014 12:19:03.900 - ResponseLog] - [FINE] - 1 (15, 10) wants to move UP
20/09/2014 12:19:04.007 - ResponseLog] - [FINE] - human responded with move SAME_DIRECTION for turn 52
20/09/2014 12:19:04.008 - ResponseLog] - [FINE] - 0 (12, 6) wants to move UP
20/09/2014 12:19:04.008 - ResponseLog] - [FINE] - tronplayer responded with move MOVE_UP for turn 52
20/09/2014 12:19:04.008 - ResponseLog] - [FINE] - 1 (15, 10) wants to move UP
20/09/2014 12:19:04.113 - ResponseLog] - [FINE] - human responded with move SAME_DIRECTION for turn 53
20/09/2014 12:19:04.113 - ResponseLog] - [FINE] - 0 (12, 5) wants to move UP
20/09/2014 12:19:04.113 - ResponseLog] - [FINE] - tronplayer responded with move MOVE_LEFT for turn 53
20/09/2014 12:19:04.113 - ResponseLog] - [FINE] - 1 (15, 10) wants to move RIGHT
20/09/2014 12:19:04.217 - ResponseLog] - [FINE] - human responded with move MOVE_LEFT for turn 54
20/09/2014 12:19:04.217 - ResponseLog] - [FINE] - 0 (12, 4) wants to move LEFT
20/09/2014 12:19:04.217 - ResponseLog] - [FINE] - tronplayer responded with move MOVE_UP for turn 54
20/09/2014 12:19:04.218 - ResponseLog] - [FINE] - 1 (15, 10) wants to move UP
20/09/2014 12:19:04.321 - ResponseLog] - [FINE] - human responded with move SAME_DIRECTION for turn 55
20/09/2014 12:19:04.321 - ResponseLog] - [FINE] - 0 (11, 4) wants to move LEFT
20/09/2014 12:19:04.322 - ResponseLog] - [FINE] - tronplayer responded with move MOVE_DOWN for turn 55
20/09/2014 12:19:04.322 - ResponseLog] - [FINE] - 1 (15, 10) wants to move DOWN
20/09/2014 12:19:04.426 - ResponseLog] - [FINE] - human responded with move SAME_DIRECTION for turn 56
20/09/2014 12:19:04.427 - ResponseLog] - [FINE] - 0 (10, 4) wants to move LEFT
20/09/2014 12:19:04.427 - ResponseLog] - [FINE] - tronplayer responded with move MOVE_UP for turn 56
20/09/2014 12:19:04.427 - ResponseLog] - [FINE] - 1 (15, 10) wants to move UP
20/09/2014 12:19:04.530 - ResponseLog] - [FINE] - human responded with move SAME_DIRECTION for turn 57
20/09/2014 12:19:04.531 - ResponseLog] - [FINE] - 0 (9, 4) wants to move LEFT
20/09/2014 12:19:04.531 - ResponseLog] - [FINE] - tronplayer responded with move MOVE_LEFT for turn 57
20/09/2014 12:19:04.532 - ResponseLog] - [FINE] - 1 (15, 10) wants to move RIGHT
20/09/2014 12:19:04.635 - ResponseLog] - [FINE] - human responded with move SAME_DIRECTION for turn 58
20/09/2014 12:19:04.635 - ResponseLog] - [FINE] - 0 (8, 4) wants to move LEFT
20/09/2014 12:19:04.635 - ResponseLog] - [FINE] - tronplayer responded with move MOVE_LEFT for turn 58
20/09/2014 12:19:04.635 - ResponseLog] - [FINE] - 1 (15, 10) wants to move RIGHT
20/09/2014 12:19:04.739 - ResponseLog] - [FINE] - human responded with move SAME_DIRECTION for turn 59
20/09/2014 12:19:04.739 - ResponseLog] - [FINE] - 0 (7, 4) wants to move LEFT
20/09/2014 12:19:04.739 - ResponseLog] - [FINE] - tronplayer responded with move MOVE_RIGHT for turn 59
20/09/2014 12:19:04.739 - ResponseLog] - [FINE] - 1 (15, 10) wants to move RIGHT
20/09/2014 12:19:04.842 - ResponseLog] - [FINE] - human responded with move SAME_DIRECTION for turn 60
20/09/2014 12:19:04.842 - ResponseLog] - [FINE] - 0 (6, 4) wants to move LEFT
20/09/2014 12:19:04.843 - ResponseLog] - [FINE] - tronplayer responded with move MOVE_LEFT for turn 60
20/09/2014 12:19:04.843 - ResponseLog] - [FINE] - 1 (15, 10) wants to move RIGHT
20/09/2014 12:19:04.947 - ResponseLog] - [FINE] - human responded with move SAME_DIRECTION for turn 61
20/09/2014 12:19:04.947 - ResponseLog] - [FINE] - 0 (5, 4) wants to move LEFT
20/09/2014 12:19:04.948 - ResponseLog] - [FINE] - tronplayer responded with move MOVE_UP for turn 61
20/09/2014 12:19:04.948 - ResponseLog] - [FINE] - 1 (15, 10) wants to move UP
20/09/2014 12:19:05.050 - ResponseLog] - [FINE] - human responded with move SAME_DIRECTION for turn 62
20/09/2014 12:19:05.050 - ResponseLog] - [FINE] - 0 (4, 4) wants to move LEFT
20/09/2014 12:19:05.051 - ResponseLog] - [FINE] - tronplayer responded with move MOVE_LEFT for turn 62
20/09/2014 12:19:05.051 - ResponseLog] - [FINE] - 1 (15, 10) wants to move RIGHT
20/09/2014 12:19:05.154 - ResponseLog] - [FINE] - human responded with move SAME_DIRECTION for turn 63
20/09/2014 12:19:05.155 - ResponseLog] - [FINE] - 0 (3, 4) wants to move LEFT
20/09/2014 12:19:05.155 - ResponseLog] - [FINE] - tronplayer responded with move MOVE_LEFT for turn 63
20/09/2014 12:19:05.156 - ResponseLog] - [FINE] - 1 (15, 10) wants to move RIGHT
20/09/2014 12:19:05.259 - ResponseLog] - [FINE] - human responded with move MOVE_DOWN for turn 64
20/09/2014 12:19:05.260 - ResponseLog] - [FINE] - 0 (2, 4) wants to move DOWN
20/09/2014 12:19:05.260 - ResponseLog] - [FINE] - tronplayer responded with move MOVE_UP for turn 64
20/09/2014 12:19:05.260 - ResponseLog] - [FINE] - 1 (15, 10) wants to move UP
20/09/2014 12:19:05.363 - ResponseLog] - [FINE] - human responded with move SAME_DIRECTION for turn 65
20/09/2014 12:19:05.364 - ResponseLog] - [FINE] - 0 (2, 5) wants to move DOWN
20/09/2014 12:19:05.364 - ResponseLog] - [FINE] - tronplayer responded with move MOVE_DOWN for turn 65
20/09/2014 12:19:05.364 - ResponseLog] - [FINE] - 1 (15, 10) wants to move DOWN
20/09/2014 12:19:05.467 - ResponseLog] - [FINE] - human responded with move SAME_DIRECTION for turn 66
20/09/2014 12:19:05.467 - ResponseLog] - [FINE] - 0 (2, 6) wants to move DOWN
20/09/2014 12:19:05.468 - ResponseLog] - [FINE] - tronplayer responded with move MOVE_DOWN for turn 66
20/09/2014 12:19:05.468 - ResponseLog] - [FINE] - 1 (15, 10) wants to move DOWN
20/09/2014 12:19:05.571 - ResponseLog] - [FINE] - human responded with move SAME_DIRECTION for turn 67
20/09/2014 12:19:05.571 - ResponseLog] - [FINE] - 0 (2, 7) wants to move DOWN
20/09/2014 12:19:05.571 - ResponseLog] - [FINE] - tronplayer responded with move MOVE_DOWN for turn 67
20/09/2014 12:19:05.572 - ResponseLog] - [FINE] - 1 (15, 10) wants to move DOWN
20/09/2014 12:19:05.676 - ResponseLog] - [FINE] - human responded with move SAME_DIRECTION for turn 68
20/09/2014 12:19:05.676 - ResponseLog] - [FINE] - 0 (2, 8) wants to move DOWN
20/09/2014 12:19:05.677 - ResponseLog] - [FINE] - tronplayer responded with move MOVE_UP for turn 68
20/09/2014 12:19:05.677 - ResponseLog] - [FINE] - 1 (15, 10) wants to move UP
20/09/2014 12:19:05.780 - ResponseLog] - [FINE] - human responded with move SAME_DIRECTION for turn 69
20/09/2014 12:19:05.780 - ResponseLog] - [FINE] - 0 (2, 9) wants to move DOWN
20/09/2014 12:19:05.781 - ResponseLog] - [FINE] - tronplayer responded with move MOVE_LEFT for turn 69
20/09/2014 12:19:05.781 - ResponseLog] - [FINE] - 1 (15, 10) wants to move RIGHT
20/09/2014 12:19:05.884 - ResponseLog] - [FINE] - human responded with move SAME_DIRECTION for turn 70
20/09/2014 12:19:05.884 - ResponseLog] - [FINE] - 0 (2, 10) wants to move DOWN
20/09/2014 12:19:05.884 - ResponseLog] - [FINE] - tronplayer responded with move MOVE_DOWN for turn 70
20/09/2014 12:19:05.884 - ResponseLog] - [FINE] - 1 (15, 10) wants to move DOWN
20/09/2014 12:19:05.988 - ResponseLog] - [FINE] - human responded with move SAME_DIRECTION for turn 71
20/09/2014 12:19:05.988 - ResponseLog] - [FINE] - 0 (2, 11) wants to move DOWN
20/09/2014 12:19:05.988 - ResponseLog] - [FINE] - tronplayer responded with move MOVE_LEFT for turn 71
20/09/2014 12:19:05.988 - ResponseLog] - [FINE] - 1 (15, 10) wants to move RIGHT
20/09/2014 12:19:06.091 - ResponseLog] - [FINE] - human responded with move SAME_DIRECTION for turn 72
20/09/2014 12:19:06.092 - ResponseLog] - [FINE] - 0 (2, 12) wants to move DOWN
20/09/2014 12:19:06.092 - ResponseLog] - [FINE] - tronplayer responded with move MOVE_UP for turn 72
20/09/2014 12:19:06.092 - ResponseLog] - [FINE] - 1 (15, 10) wants to move UP
20/09/2014 12:19:06.214 - ResponseLog] - [FINE] - human responded with move SAME_DIRECTION for turn 73
20/09/2014 12:19:06.215 - ResponseLog] - [FINE] - 0 (2, 13) wants to move DOWN
20/09/2014 12:19:06.215 - ResponseLog] - [FINE] - tronplayer responded with move MOVE_DOWN for turn 73
20/09/2014 12:19:06.215 - ResponseLog] - [FINE] - 1 (15, 10) wants to move DOWN
20/09/2014 12:19:06.318 - ResponseLog] - [FINE] - human responded with move SAME_DIRECTION for turn 74
20/09/2014 12:19:06.319 - ResponseLog] - [FINE] - 0 (2, 14) wants to move DOWN
20/09/2014 12:19:06.319 - ResponseLog] - [FINE] - tronplayer responded with move MOVE_LEFT for turn 74
20/09/2014 12:19:06.319 - ResponseLog] - [FINE] - 1 (15, 10) wants to move RIGHT
20/09/2014 12:19:06.422 - ResponseLog] - [FINE] - human responded with move SAME_DIRECTION for turn 75
20/09/2014 12:19:06.423 - ResponseLog] - [FINE] - 0 (2, 15) wants to move DOWN
20/09/2014 12:19:06.423 - ResponseLog] - [FINE] - tronplayer responded with move MOVE_LEFT for turn 75
20/09/2014 12:19:06.423 - ResponseLog] - [FINE] - 1 (15, 10) wants to move RIGHT
20/09/2014 12:19:06.527 - ResponseLog] - [FINE] - human responded with move SAME_DIRECTION for turn 76
20/09/2014 12:19:06.527 - ResponseLog] - [FINE] - 0 (2, 16) wants to move DOWN
20/09/2014 12:19:06.528 - ResponseLog] - [FINE] - tronplayer responded with move MOVE_RIGHT for turn 76
20/09/2014 12:19:06.528 - ResponseLog] - [FINE] - 1 (15, 10) wants to move RIGHT
20/09/2014 12:19:06.631 - ResponseLog] - [FINE] - human responded with move MOVE_RIGHT for turn 77
20/09/2014 12:19:06.631 - ResponseLog] - [FINE] - 0 (2, 17) wants to move RIGHT
20/09/2014 12:19:06.631 - ResponseLog] - [FINE] - tronplayer responded with move MOVE_UP for turn 77
20/09/2014 12:19:06.632 - ResponseLog] - [FINE] - 1 (15, 10) wants to move UP
20/09/2014 12:19:06.734 - ResponseLog] - [FINE] - human responded with move SAME_DIRECTION for turn 78
20/09/2014 12:19:06.734 - ResponseLog] - [FINE] - 0 (3, 17) wants to move RIGHT
20/09/2014 12:19:06.734 - ResponseLog] - [FINE] - tronplayer responded with move MOVE_UP for turn 78
20/09/2014 12:19:06.735 - ResponseLog] - [FINE] - 1 (15, 10) wants to move UP
20/09/2014 12:19:06.838 - ResponseLog] - [FINE] - human responded with move SAME_DIRECTION for turn 79
20/09/2014 12:19:06.838 - ResponseLog] - [FINE] - 0 (4, 17) wants to move RIGHT
20/09/2014 12:19:06.839 - ResponseLog] - [FINE] - tronplayer responded with move MOVE_DOWN for turn 79
20/09/2014 12:19:06.839 - ResponseLog] - [FINE] - 1 (15, 10) wants to move DOWN
20/09/2014 12:19:06.942 - ResponseLog] - [FINE] - human responded with move SAME_DIRECTION for turn 80
20/09/2014 12:19:06.942 - ResponseLog] - [FINE] - 0 (5, 17) wants to move RIGHT
20/09/2014 12:19:06.943 - ResponseLog] - [FINE] - tronplayer responded with move MOVE_RIGHT for turn 80
20/09/2014 12:19:06.943 - ResponseLog] - [FINE] - 1 (15, 10) wants to move RIGHT
20/09/2014 12:19:07.045 - ResponseLog] - [FINE] - human responded with move SAME_DIRECTION for turn 81
20/09/2014 12:19:07.046 - ResponseLog] - [FINE] - 0 (6, 17) wants to move RIGHT
20/09/2014 12:19:07.046 - ResponseLog] - [FINE] - tronplayer responded with move MOVE_RIGHT for turn 81
20/09/2014 12:19:07.046 - ResponseLog] - [FINE] - 1 (15, 10) wants to move RIGHT
20/09/2014 12:19:07.150 - ResponseLog] - [FINE] - human responded with move SAME_DIRECTION for turn 82
20/09/2014 12:19:07.150 - ResponseLog] - [FINE] - 0 (7, 17) wants to move RIGHT
20/09/2014 12:19:07.150 - ResponseLog] - [FINE] - tronplayer responded with move MOVE_LEFT for turn 82
20/09/2014 12:19:07.150 - ResponseLog] - [FINE] - 1 (15, 10) wants to move RIGHT
20/09/2014 12:19:07.253 - ResponseLog] - [FINE] - human responded with move SAME_DIRECTION for turn 83
20/09/2014 12:19:07.253 - ResponseLog] - [FINE] - 0 (8, 17) wants to move RIGHT
20/09/2014 12:19:07.253 - ResponseLog] - [FINE] - tronplayer responded with move MOVE_RIGHT for turn 83
20/09/2014 12:19:07.254 - ResponseLog] - [FINE] - 1 (15, 10) wants to move RIGHT
20/09/2014 12:19:07.357 - ResponseLog] - [FINE] - human responded with move SAME_DIRECTION for turn 84
20/09/2014 12:19:07.357 - ResponseLog] - [FINE] - 0 (9, 17) wants to move RIGHT
20/09/2014 12:19:07.357 - ResponseLog] - [FINE] - tronplayer responded with move MOVE_UP for turn 84
20/09/2014 12:19:07.357 - ResponseLog] - [FINE] - 1 (15, 10) wants to move UP
20/09/2014 12:19:07.461 - ResponseLog] - [FINE] - human responded with move SAME_DIRECTION for turn 85
20/09/2014 12:19:07.462 - ResponseLog] - [FINE] - 0 (10, 17) wants to move RIGHT
20/09/2014 12:19:07.462 - ResponseLog] - [FINE] - tronplayer responded with move MOVE_LEFT for turn 85
20/09/2014 12:19:07.462 - ResponseLog] - [FINE] - 1 (15, 10) wants to move RIGHT
20/09/2014 12:19:07.565 - ResponseLog] - [FINE] - human responded with move SAME_DIRECTION for turn 86
20/09/2014 12:19:07.566 - ResponseLog] - [FINE] - 0 (11, 17) wants to move RIGHT
20/09/2014 12:19:07.566 - ResponseLog] - [FINE] - tronplayer responded with move MOVE_DOWN for turn 86
20/09/2014 12:19:07.566 - ResponseLog] - [FINE] - 1 (15, 10) wants to move DOWN
20/09/2014 12:19:07.669 - ResponseLog] - [FINE] - human responded with move SAME_DIRECTION for turn 87
20/09/2014 12:19:07.669 - ResponseLog] - [FINE] - 0 (12, 17) wants to move RIGHT
20/09/2014 12:19:07.669 - ResponseLog] - [FINE] - tronplayer responded with move MOVE_UP for turn 87
20/09/2014 12:19:07.669 - ResponseLog] - [FINE] - 1 (15, 10) wants to move UP
20/09/2014 12:19:07.772 - ResponseLog] - [FINE] - human responded with move MOVE_UP for turn 88
20/09/2014 12:19:07.773 - ResponseLog] - [FINE] - 0 (13, 17) wants to move UP
20/09/2014 12:19:07.773 - ResponseLog] - [FINE] - tronplayer responded with move MOVE_DOWN for turn 88
20/09/2014 12:19:07.773 - ResponseLog] - [FINE] - 1 (15, 10) wants to move DOWN
20/09/2014 12:19:07.877 - ResponseLog] - [FINE] - human responded with move SAME_DIRECTION for turn 89
20/09/2014 12:19:07.877 - ResponseLog] - [FINE] - 0 (13, 16) wants to move UP
20/09/2014 12:19:07.877 - ResponseLog] - [FINE] - tronplayer responded with move MOVE_UP for turn 89
20/09/2014 12:19:07.877 - ResponseLog] - [FINE] - 1 (15, 10) wants to move UP
20/09/2014 12:19:07.980 - ResponseLog] - [FINE] - human responded with move SAME_DIRECTION for turn 90
20/09/2014 12:19:07.980 - ResponseLog] - [FINE] - 0 (13, 15) wants to move UP
20/09/2014 12:19:07.980 - ResponseLog] - [FINE] - tronplayer responded with move MOVE_UP for turn 90
20/09/2014 12:19:07.980 - ResponseLog] - [FINE] - 1 (15, 10) wants to move UP
20/09/2014 12:19:08.084 - ResponseLog] - [FINE] - human responded with move SAME_DIRECTION for turn 91
20/09/2014 12:19:08.084 - ResponseLog] - [FINE] - 0 (13, 14) wants to move UP
20/09/2014 12:19:08.084 - ResponseLog] - [FINE] - tronplayer responded with move MOVE_UP for turn 91
20/09/2014 12:19:08.084 - ResponseLog] - [FINE] - 1 (15, 10) wants to move UP
20/09/2014 12:19:08.187 - ResponseLog] - [FINE] - human responded with move SAME_DIRECTION for turn 92
20/09/2014 12:19:08.188 - ResponseLog] - [FINE] - 0 (13, 13) wants to move UP
20/09/2014 12:19:08.188 - ResponseLog] - [FINE] - tronplayer responded with move MOVE_UP for turn 92
20/09/2014 12:19:08.188 - ResponseLog] - [FINE] - 1 (15, 10) wants to move UP
20/09/2014 12:19:08.292 - ResponseLog] - [FINE] - human responded with move SAME_DIRECTION for turn 93
20/09/2014 12:19:08.292 - ResponseLog] - [FINE] - 0 (13, 12) wants to move UP
20/09/2014 12:19:08.292 - ResponseLog] - [FINE] - tronplayer responded with move MOVE_DOWN for turn 93
20/09/2014 12:19:08.292 - ResponseLog] - [FINE] - 1 (15, 10) wants to move DOWN
20/09/2014 12:19:08.396 - ResponseLog] - [FINE] - human responded with move SAME_DIRECTION for turn 94
20/09/2014 12:19:08.397 - ResponseLog] - [FINE] - 0 (13, 11) wants to move UP
20/09/2014 12:19:08.397 - ResponseLog] - [FINE] - tronplayer responded with move MOVE_DOWN for turn 94
20/09/2014 12:19:08.397 - ResponseLog] - [FINE] - 1 (15, 10) wants to move DOWN
20/09/2014 12:19:08.500 - ResponseLog] - [FINE] - human responded with move SAME_DIRECTION for turn 95
20/09/2014 12:19:08.500 - ResponseLog] - [FINE] - 0 (13, 10) wants to move UP
20/09/2014 12:19:08.500 - ResponseLog] - [FINE] - tronplayer responded with move MOVE_UP for turn 95
20/09/2014 12:19:08.500 - ResponseLog] - [FINE] - 1 (15, 10) wants to move UP
20/09/2014 12:19:08.628 - ResponseLog] - [FINE] - human responded with move MOVE_LEFT for turn 96
20/09/2014 12:19:08.628 - ResponseLog] - [FINE] - 0 (13, 9) wants to move LEFT
20/09/2014 12:19:08.628 - ResponseLog] - [FINE] - tronplayer responded with move MOVE_RIGHT for turn 96
20/09/2014 12:19:08.628 - ResponseLog] - [FINE] - 1 (15, 10) wants to move RIGHT
20/09/2014 12:19:08.731 - GameLog] - [FINE] - Player tronplayer left
20/09/2014 12:19:11.701 - GameLog] - [FINE] - /Users/arkadyark/Documents/Orbis/OrbisChallengeDevKit-Python/grades\/human.tronplayer_1.xml
